Using pre-set license
Built from '2020.3/staging' branch; Version is '2020.3.5f1 (8095aa901b9b) revision 8426922'; Using compiler version '192528614'; Build Type 'Release'
OS: 'Windows 10 Pro N; OS build 19042.928; Version 2009; 64bit' Language: 'es' Physical Memory: 16315 MB
BatchMode: 1, IsHumanControllingUs: 0, StartBugReporterOnCrash: 0, Is64bit: 1, IsPro: 0

 COMMAND LINE ARGUMENTS:
C:\Program Files\Unity\Editor\2020.3.5f1\Editor\Unity.exe
-adb2
-batchMode
-noUpm
-name
AssetImportWorker0
-projectPath
C:/Users/javi9/Documents/GitHub/Multimedia-MultiTarget/Multitarget
-logFile
Logs/AssetImportWorker0.log
-srvPort
50873
Successfully changed project path to: C:/Users/javi9/Documents/GitHub/Multimedia-MultiTarget/Multitarget
C:/Users/javi9/Documents/GitHub/Multimedia-MultiTarget/Multitarget
Using Asset Import Pipeline V2.
Refreshing native plugins compatible for Editor in 32.13 ms, found 2 plugins.
Preloading 1 native plugins for Editor in 1.77 ms.
Initialize engine version: 2020.3.5f1 (8095aa901b9b)
[Subsystems] Discovering subsystems at path C:/Program Files/Unity/Editor/2020.3.5f1/Editor/Data/Resources/UnitySubsystems
[Subsystems] Discovering subsystems at path C:/Users/javi9/Documents/GitHub/Multimedia-MultiTarget/Multitarget/Assets
GfxDevice: creating device client; threaded=0
Direct3D:
    Version:  Direct3D 11.0 [level 11.1]
    Renderer: NVIDIA GeForce GTX 950 (ID=0x1402)
    Vendor:   
    VRAM:     2007 MB
    Driver:   27.21.14.5671
Shader 'PointClouds/PointSplat': fallback shader 'PointClouds/PointSplatLegacy' not found
Initialize mono
Mono path[0] = 'C:/Program Files/Unity/Editor/2020.3.5f1/Editor/Data/Managed'
Mono path[1] = 'C:/Program Files/Unity/Editor/2020.3.5f1/Editor/Data/MonoBleedingEdge/lib/mono/unityjit'
Mono config path = 'C:/Program Files/Unity/Editor/2020.3.5f1/Editor/Data/MonoBleedingEdge/etc'
Using monoOptions --debugger-agent=transport=dt_socket,embedding=1,server=y,suspend=n,address=127.0.0.1:56840
Begin MonoManager ReloadAssembly
Registering precompiled unity dll's ...
Register platform support module: C:/Program Files/Unity/Editor/2020.3.5f1/Editor/Data/PlaybackEngines/WindowsStandaloneSupport/UnityEditor.WindowsStandalone.Extensions.dll
Registered in 0.001483 seconds.
Native extension for WindowsStandalone target not found
Refreshing native plugins compatible for Editor in 27.18 ms, found 2 plugins.
Preloading 1 native plugins for Editor in 0.06 ms.
Mono: successfully reloaded assembly
- Completed reload, in  1.350 seconds
Platform modules already initialized, skipping
Registering precompiled user dll's ...
Registered in 0.003710 seconds.
Begin MonoManager ReloadAssembly
Native extension for WindowsStandalone target not found
Refreshing native plugins compatible for Editor in 0.45 ms, found 2 plugins.
Preloading 1 native plugins for Editor in 0.06 ms.
System.NullReferenceException: Object reference not set to an instance of an object
  at Vuforia.EditorClasses.ExtensionTypeProvider.GetVuforiaPackageAbsPath () [0x0004a] in <d3e3611e09164266b01b2e2ee0bae4b4>:0 
  at Vuforia.EditorClasses.ExtensionTypeProvider.IsPackageManager () [0x00000] in <d3e3611e09164266b01b2e2ee0bae4b4>:0 
  at Vuforia.EditorClasses.ExtensionTypeProvider.ResolvePluginType () [0x00009] in <d3e3611e09164266b01b2e2ee0bae4b4>:0 
  at Vuforia.EditorClasses.ExtensionTypeProvider.GetPluginType () [0x0000c] in <d3e3611e09164266b01b2e2ee0bae4b4>:0 
  at Vuforia.EditorClasses.VuforiaUtilities.IsVuforiaEnabledInPlayerSettings () [0x00000] in <d3e3611e09164266b01b2e2ee0bae4b4>:0 
  at VuforiaEnabledObserver..cctor () [0x00000] in <d3e3611e09164266b01b2e2ee0bae4b4>:0 
UnityEngine.StackTraceUtility:ExtractStackTrace ()
UnityEngine.DebugLogHandler:LogFormat (UnityEngine.LogType,UnityEngine.Object,string,object[])
UnityEngine.Logger:Log (UnityEngine.LogType,object)
UnityEngine.Debug:LogError (object)
UnityEditor.EditorAssemblies:ProcessInitializeOnLoadAttributes (System.Type[])

System.NullReferenceException: Object reference not set to an instance of an object
  at Vuforia.EditorClasses.ExtensionTypeProvider.GetVuforiaPackageAbsPath () [0x0004a] in <d3e3611e09164266b01b2e2ee0bae4b4>:0 
  at Vuforia.EditorClasses.ExtensionTypeProvider.IsPackageManager () [0x00000] in <d3e3611e09164266b01b2e2ee0bae4b4>:0 
  at Vuforia.EditorClasses.ExtensionTypeProvider.ResolvePluginType () [0x00009] in <d3e3611e09164266b01b2e2ee0bae4b4>:0 
  at Vuforia.EditorClasses.ExtensionTypeProvider.GetPluginType () [0x0000c] in <d3e3611e09164266b01b2e2ee0bae4b4>:0 
  at Vuforia.EditorClasses.VuforiaUtilities.IsVuforiaEnabledInPlayerSettings () [0x00000] in <d3e3611e09164266b01b2e2ee0bae4b4>:0 
  at Vuforia.EditorClasses.InitializeOnLoadVuforiaTaskRunner..cctor () [0x00015] in <d3e3611e09164266b01b2e2ee0bae4b4>:0 
UnityEngine.StackTraceUtility:ExtractStackTrace ()
UnityEngine.DebugLogHandler:LogFormat (UnityEngine.LogType,UnityEngine.Object,string,object[])
UnityEngine.Logger:Log (UnityEngine.LogType,object)
UnityEngine.Debug:LogError (object)
UnityEditor.EditorAssemblies:ProcessInitializeOnLoadAttributes (System.Type[])

Mono: successfully reloaded assembly
- Completed reload, in  0.729 seconds
Platform modules already initialized, skipping
========================================================================
Worker process is ready to serve import requests
Shader 'PointClouds/PointSplat': fallback shader 'PointClouds/PointSplatLegacy' not found
Launched and connected shader compiler UnityShaderCompiler.exe after 0.04 seconds
Refreshing native plugins compatible for Editor in 0.47 ms, found 2 plugins.
Preloading 1 native plugins for Editor in 0.07 ms.
Unloading 1223 Unused Serialized files (Serialized files now loaded: 0)
System memory in use before: 68.7 MB.
System memory in use after: 68.7 MB.

Unloading 38 unused Assets to reduce memory usage. Loaded Objects now: 1922.
Total: 1.816000 ms (FindLiveObjects: 0.174100 ms CreateObjectMapping: 0.038200 ms MarkObjects: 1.482200 ms  DeleteObjects: 0.120800 ms)

========================================================================
Received Import Request.
  path: Assets/uploads_files_896621_solarsystem.obj
  artifactKey: Guid(6ec1c916c4bc12a448875897ec48af7a) Importer(815301076,1909f56bfc062723c751e8b465ee728b)
Start importing Assets/uploads_files_896621_solarsystem.obj using Guid(6ec1c916c4bc12a448875897ec48af7a) Importer(815301076,1909f56bfc062723c751e8b465ee728b)  -> (artifact id: '45491e3549ae92debbb8abdb0fe23585') in 0.145482 seconds
  Import took 0.147946 seconds .

========================================================================
Received Prepare
Registering precompiled user dll's ...
Registered in 0.003669 seconds.
Begin MonoManager ReloadAssembly
Native extension for WindowsStandalone target not found
Refreshing native plugins compatible for Editor in 0.47 ms, found 2 plugins.
Preloading 1 native plugins for Editor in 0.08 ms.
System.NullReferenceException: Object reference not set to an instance of an object
  at Vuforia.EditorClasses.ExtensionTypeProvider.GetVuforiaPackageAbsPath () [0x0004a] in <d3e3611e09164266b01b2e2ee0bae4b4>:0 
  at Vuforia.EditorClasses.ExtensionTypeProvider.IsPackageManager () [0x00000] in <d3e3611e09164266b01b2e2ee0bae4b4>:0 
  at Vuforia.EditorClasses.ExtensionTypeProvider.ResolvePluginType () [0x00009] in <d3e3611e09164266b01b2e2ee0bae4b4>:0 
  at Vuforia.EditorClasses.ExtensionTypeProvider.GetPluginType () [0x0000c] in <d3e3611e09164266b01b2e2ee0bae4b4>:0 
  at Vuforia.EditorClasses.VuforiaUtilities.IsVuforiaEnabledInPlayerSettings () [0x00000] in <d3e3611e09164266b01b2e2ee0bae4b4>:0 
  at VuforiaEnabledObserver..cctor () [0x00000] in <d3e3611e09164266b01b2e2ee0bae4b4>:0 
UnityEngine.StackTraceUtility:ExtractStackTrace ()
UnityEngine.DebugLogHandler:LogFormat (UnityEngine.LogType,UnityEngine.Object,string,object[])
UnityEngine.Logger:Log (UnityEngine.LogType,object)
UnityEngine.Debug:LogError (object)
UnityEditor.EditorAssemblies:ProcessInitializeOnLoadAttributes (System.Type[])

System.NullReferenceException: Object reference not set to an instance of an object
  at Vuforia.EditorClasses.ExtensionTypeProvider.GetVuforiaPackageAbsPath () [0x0004a] in <d3e3611e09164266b01b2e2ee0bae4b4>:0 
  at Vuforia.EditorClasses.ExtensionTypeProvider.IsPackageManager () [0x00000] in <d3e3611e09164266b01b2e2ee0bae4b4>:0 
  at Vuforia.EditorClasses.ExtensionTypeProvider.ResolvePluginType () [0x00009] in <d3e3611e09164266b01b2e2ee0bae4b4>:0 
  at Vuforia.EditorClasses.ExtensionTypeProvider.GetPluginType () [0x0000c] in <d3e3611e09164266b01b2e2ee0bae4b4>:0 
  at Vuforia.EditorClasses.VuforiaUtilities.IsVuforiaEnabledInPlayerSettings () [0x00000] in <d3e3611e09164266b01b2e2ee0bae4b4>:0 
  at Vuforia.EditorClasses.InitializeOnLoadVuforiaTaskRunner..cctor () [0x00015] in <d3e3611e09164266b01b2e2ee0bae4b4>:0 
UnityEngine.StackTraceUtility:ExtractStackTrace ()
UnityEngine.DebugLogHandler:LogFormat (UnityEngine.LogType,UnityEngine.Object,string,object[])
UnityEngine.Logger:Log (UnityEngine.LogType,object)
UnityEngine.Debug:LogError (object)
UnityEditor.EditorAssemblies:ProcessInitializeOnLoadAttributes (System.Type[])

Mono: successfully reloaded assembly
- Completed reload, in  0.720 seconds
Platform modules already initialized, skipping
Switching build target platform(5) subTarget(0) extendedPlatform(0) -> platform(13) subTarget(537395200) extendedPlatform(0)
Shader 'PointClouds/PointSplat': fallback shader 'PointClouds/PointSplatLegacy' not found
Refreshing native plugins compatible for Editor in 0.77 ms, found 2 plugins.
Preloading 1 native plugins for Editor in 0.10 ms.
Unloading 1181 Unused Serialized files (Serialized files now loaded: 0)
System memory in use before: 67.3 MB.
System memory in use after: 67.4 MB.

Unloading 33 unused Assets to reduce memory usage. Loaded Objects now: 1968.
Total: 1.646500 ms (FindLiveObjects: 0.163800 ms CreateObjectMapping: 0.033000 ms MarkObjects: 1.389000 ms  DeleteObjects: 0.059600 ms)

AssetImportParameters requested are different than current active one (requested -> active):
  custom:graphics/normal-map-encoding: 01000000000000000000000000000000 -> 02000000000000000000000000000000
========================================================================
Received Prepare
Shader 'PointClouds/PointSplat': fallback shader 'PointClouds/PointSplatLegacy' not found
Refreshing native plugins compatible for Editor in 7.53 ms, found 2 plugins.
Preloading 1 native plugins for Editor in 0.05 ms.
Unloading 31 Unused Serialized files (Serialized files now loaded: 0)
System memory in use before: 45.3 MB.
System memory in use after: 45.4 MB.

Unloading 31 unused Assets to reduce memory usage. Loaded Objects now: 1968.
Total: 1.842200 ms (FindLiveObjects: 0.217600 ms CreateObjectMapping: 0.037500 ms MarkObjects: 1.500900 ms  DeleteObjects: 0.085100 ms)

========================================================================
Received Import Request.
  Time since last request: 1574.434133 seconds.
  path: Assets/AHProxy/PlanetShader/DemoScene/Materials/Planets/Earth.mat
  artifactKey: Guid(2428d1f34e850404d929653306f2a06d) Importer(815301076,1909f56bfc062723c751e8b465ee728b)
Start importing Assets/AHProxy/PlanetShader/DemoScene/Materials/Planets/Earth.mat using Guid(2428d1f34e850404d929653306f2a06d) Importer(815301076,1909f56bfc062723c751e8b465ee728b)  -> (artifact id: '1de820cf90d33b5105b4c41c0ae622d0') in 0.141703 seconds
  Import took 0.144709 seconds .

========================================================================
Received Import Request.
  Time since last request: 0.000198 seconds.
  path: Assets/AHProxy/PlanetShader/DemoScene/Materials/Planets/Jupiter.mat
  artifactKey: Guid(fa63b5bd7e0fa0b45a08bf74ac4205a7) Importer(815301076,1909f56bfc062723c751e8b465ee728b)
Start importing Assets/AHProxy/PlanetShader/DemoScene/Materials/Planets/Jupiter.mat using Guid(fa63b5bd7e0fa0b45a08bf74ac4205a7) Importer(815301076,1909f56bfc062723c751e8b465ee728b)  -> (artifact id: 'b679c4bc59aef2feb7d81f68c49093f0') in 0.015125 seconds
  Import took 0.017255 seconds .

========================================================================
Received Import Request.
  Time since last request: 0.000189 seconds.
  path: Assets/AHProxy/PlanetShader/DemoScene/Materials/Planets/Mercury.mat
  artifactKey: Guid(1aef184d850d8eb45b07d60d6f1436be) Importer(815301076,1909f56bfc062723c751e8b465ee728b)
Start importing Assets/AHProxy/PlanetShader/DemoScene/Materials/Planets/Mercury.mat using Guid(1aef184d850d8eb45b07d60d6f1436be) Importer(815301076,1909f56bfc062723c751e8b465ee728b)  -> (artifact id: '650a54b0acfe7a7cefab69c7c8aef63d') in 0.046036 seconds
  Import took 0.048282 seconds .

========================================================================
Received Import Request.
  Time since last request: 0.000213 seconds.
  path: Assets/AHProxy/PlanetShader/DemoScene/Materials/Planets/Saturn.mat
  artifactKey: Guid(c4bf587b0c70d834d923ddf3b2cf9166) Importer(815301076,1909f56bfc062723c751e8b465ee728b)
Start importing Assets/AHProxy/PlanetShader/DemoScene/Materials/Planets/Saturn.mat using Guid(c4bf587b0c70d834d923ddf3b2cf9166) Importer(815301076,1909f56bfc062723c751e8b465ee728b)  -> (artifact id: 'b515016b19da66913875956020c4a5d4') in 0.014784 seconds
  Import took 0.016770 seconds .

========================================================================
Received Import Request.
  Time since last request: 0.000217 seconds.
  path: Assets/AHProxy/PlanetShader/DemoScene/Materials/Planets/Neptune.mat
  artifactKey: Guid(d95a85eabd31ab04f8e34af14f464c3f) Importer(815301076,1909f56bfc062723c751e8b465ee728b)
Start importing Assets/AHProxy/PlanetShader/DemoScene/Materials/Planets/Neptune.mat using Guid(d95a85eabd31ab04f8e34af14f464c3f) Importer(815301076,1909f56bfc062723c751e8b465ee728b)  -> (artifact id: '847f5643e387c98273dedcf0a610e150') in 0.013646 seconds
  Import took 0.015586 seconds .

========================================================================
Received Import Request.
  Time since last request: 0.000242 seconds.
  path: Assets/AHProxy/PlanetShader/DemoScene/Materials/Planets/Venus.mat
  artifactKey: Guid(85240e987ebf72d4987eb4cced5fa8b4) Importer(815301076,1909f56bfc062723c751e8b465ee728b)
Start importing Assets/AHProxy/PlanetShader/DemoScene/Materials/Planets/Venus.mat using Guid(85240e987ebf72d4987eb4cced5fa8b4) Importer(815301076,1909f56bfc062723c751e8b465ee728b)  -> (artifact id: '316e48b96ade5886e93a8e0d40eacf3b') in 0.036498 seconds
  Import took 0.038799 seconds .

========================================================================
Received Import Request.
  Time since last request: 0.000219 seconds.
  path: Assets/AHProxy/PlanetShader/DemoScene/Materials/Planets/SaturnRings.mat
  artifactKey: Guid(ae297437e4c552243a4df714ab2bf508) Importer(815301076,1909f56bfc062723c751e8b465ee728b)
Start importing Assets/AHProxy/PlanetShader/DemoScene/Materials/Planets/SaturnRings.mat using Guid(ae297437e4c552243a4df714ab2bf508) Importer(815301076,1909f56bfc062723c751e8b465ee728b)  -> (artifact id: '4481b1f818c5e577a60971d738a3d786') in 0.014857 seconds
  Import took 0.017171 seconds .

========================================================================
Received Import Request.
  Time since last request: 0.000196 seconds.
  path: Assets/AHProxy/PlanetShader/DemoScene/Materials/Planets/Mars.mat
  artifactKey: Guid(ebed62f90944246459c0d42563d11485) Importer(815301076,1909f56bfc062723c751e8b465ee728b)
Start importing Assets/AHProxy/PlanetShader/DemoScene/Materials/Planets/Mars.mat using Guid(ebed62f90944246459c0d42563d11485) Importer(815301076,1909f56bfc062723c751e8b465ee728b)  -> (artifact id: '1f60d38d39f2b0fb727b9b4f73f040fc') in 0.016932 seconds
  Import took 0.018967 seconds .

========================================================================
Received Import Request.
  Time since last request: 0.000191 seconds.
  path: Assets/AHProxy/PlanetShader/DemoScene/Materials/Planets/Uranus.mat
  artifactKey: Guid(b34ef3aee77b3c849a5515a124bfa8e8) Importer(815301076,1909f56bfc062723c751e8b465ee728b)
Start importing Assets/AHProxy/PlanetShader/DemoScene/Materials/Planets/Uranus.mat using Guid(b34ef3aee77b3c849a5515a124bfa8e8) Importer(815301076,1909f56bfc062723c751e8b465ee728b)  -> (artifact id: '482b1cf418631bda63987f16d89d4668') in 0.012935 seconds
  Import took 0.014902 seconds .

========================================================================
Received Prepare
Registering precompiled user dll's ...
Registered in 0.003431 seconds.
Begin MonoManager ReloadAssembly
Native extension for WindowsStandalone target not found
Refreshing native plugins compatible for Editor in 0.51 ms, found 2 plugins.
Preloading 1 native plugins for Editor in 0.08 ms.
System.NullReferenceException: Object reference not set to an instance of an object
  at Vuforia.EditorClasses.ExtensionTypeProvider.GetVuforiaPackageAbsPath () [0x0004a] in <d3e3611e09164266b01b2e2ee0bae4b4>:0 
  at Vuforia.EditorClasses.ExtensionTypeProvider.IsPackageManager () [0x00000] in <d3e3611e09164266b01b2e2ee0bae4b4>:0 
  at Vuforia.EditorClasses.ExtensionTypeProvider.ResolvePluginType () [0x00009] in <d3e3611e09164266b01b2e2ee0bae4b4>:0 
  at Vuforia.EditorClasses.ExtensionTypeProvider.GetPluginType () [0x0000c] in <d3e3611e09164266b01b2e2ee0bae4b4>:0 
  at Vuforia.EditorClasses.VuforiaUtilities.IsVuforiaEnabledInPlayerSettings () [0x00000] in <d3e3611e09164266b01b2e2ee0bae4b4>:0 
  at VuforiaEnabledObserver..cctor () [0x00000] in <d3e3611e09164266b01b2e2ee0bae4b4>:0 
UnityEngine.StackTraceUtility:ExtractStackTrace ()
UnityEngine.DebugLogHandler:LogFormat (UnityEngine.LogType,UnityEngine.Object,string,object[])
UnityEngine.Logger:Log (UnityEngine.LogType,object)
UnityEngine.Debug:LogError (object)
UnityEditor.EditorAssemblies:ProcessInitializeOnLoadAttributes (System.Type[])

System.NullReferenceException: Object reference not set to an instance of an object
  at Vuforia.EditorClasses.ExtensionTypeProvider.GetVuforiaPackageAbsPath () [0x0004a] in <d3e3611e09164266b01b2e2ee0bae4b4>:0 
  at Vuforia.EditorClasses.ExtensionTypeProvider.IsPackageManager () [0x00000] in <d3e3611e09164266b01b2e2ee0bae4b4>:0 
  at Vuforia.EditorClasses.ExtensionTypeProvider.ResolvePluginType () [0x00009] in <d3e3611e09164266b01b2e2ee0bae4b4>:0 
  at Vuforia.EditorClasses.ExtensionTypeProvider.GetPluginType () [0x0000c] in <d3e3611e09164266b01b2e2ee0bae4b4>:0 
  at Vuforia.EditorClasses.VuforiaUtilities.IsVuforiaEnabledInPlayerSettings () [0x00000] in <d3e3611e09164266b01b2e2ee0bae4b4>:0 
  at Vuforia.EditorClasses.InitializeOnLoadVuforiaTaskRunner..cctor () [0x00015] in <d3e3611e09164266b01b2e2ee0bae4b4>:0 
UnityEngine.StackTraceUtility:ExtractStackTrace ()
UnityEngine.DebugLogHandler:LogFormat (UnityEngine.LogType,UnityEngine.Object,string,object[])
UnityEngine.Logger:Log (UnityEngine.LogType,object)
UnityEngine.Debug:LogError (object)
UnityEditor.EditorAssemblies:ProcessInitializeOnLoadAttributes (System.Type[])

Mono: successfully reloaded assembly
- Completed reload, in  0.715 seconds
Platform modules already initialized, skipping
Switching build target platform(5) subTarget(0) extendedPlatform(0) -> platform(13) subTarget(537395200) extendedPlatform(0)
Shader 'PointClouds/PointSplat': fallback shader 'PointClouds/PointSplatLegacy' not found
Refreshing native plugins compatible for Editor in 0.47 ms, found 2 plugins.
Preloading 1 native plugins for Editor in 0.06 ms.
Unloading 1181 Unused Serialized files (Serialized files now loaded: 0)
System memory in use before: 67.4 MB.
System memory in use after: 67.5 MB.

Unloading 33 unused Assets to reduce memory usage. Loaded Objects now: 1972.
Total: 2.051400 ms (FindLiveObjects: 0.216100 ms CreateObjectMapping: 0.036900 ms MarkObjects: 1.721900 ms  DeleteObjects: 0.074700 ms)

AssetImportParameters requested are different than current active one (requested -> active):
  custom:graphics/normal-map-encoding: 01000000000000000000000000000000 -> 02000000000000000000000000000000
========================================================================
Received Prepare
Shader 'PointClouds/PointSplat': fallback shader 'PointClouds/PointSplatLegacy' not found
Refreshing native plugins compatible for Editor in 8.03 ms, found 2 plugins.
Preloading 1 native plugins for Editor in 0.06 ms.
Unloading 31 Unused Serialized files (Serialized files now loaded: 0)
System memory in use before: 45.4 MB.
System memory in use after: 45.5 MB.

Unloading 31 unused Assets to reduce memory usage. Loaded Objects now: 1972.
Total: 1.804700 ms (FindLiveObjects: 0.202400 ms CreateObjectMapping: 0.036400 ms MarkObjects: 1.484900 ms  DeleteObjects: 0.079900 ms)

========================================================================
Received Import Request.
  Time since last request: 91.479148 seconds.
  path: Assets/AHProxy/PlanetShader/DemoScene/Materials/Planets/Uranus.mat
  artifactKey: Guid(b34ef3aee77b3c849a5515a124bfa8e8) Importer(815301076,1909f56bfc062723c751e8b465ee728b)
Start importing Assets/AHProxy/PlanetShader/DemoScene/Materials/Planets/Uranus.mat using Guid(b34ef3aee77b3c849a5515a124bfa8e8) Importer(815301076,1909f56bfc062723c751e8b465ee728b)  -> (artifact id: '11a888c3939645d8ae5faf504a50dcf3') in 0.051369 seconds
  Import took 0.053764 seconds .

========================================================================
Received Import Request.
  Time since last request: 0.213046 seconds.
  path: Assets/AHProxy/PlanetShader/DemoScene/Materials/Planets/Uranus.mat
  artifactKey: Guid(b34ef3aee77b3c849a5515a124bfa8e8) Importer(815301076,1909f56bfc062723c751e8b465ee728b)
Start importing Assets/AHProxy/PlanetShader/DemoScene/Materials/Planets/Uranus.mat using Guid(b34ef3aee77b3c849a5515a124bfa8e8) Importer(815301076,1909f56bfc062723c751e8b465ee728b)  -> (artifact id: '11a888c3939645d8ae5faf504a50dcf3') in 0.006491 seconds
  Import took 0.008760 seconds .

========================================================================
Received Prepare
Shader 'PointClouds/PointSplat': fallback shader 'PointClouds/PointSplatLegacy' not found
Refreshing native plugins compatible for Editor in 11.02 ms, found 2 plugins.
Preloading 1 native plugins for Editor in 0.07 ms.
Unloading 31 Unused Serialized files (Serialized files now loaded: 0)
System memory in use before: 45.6 MB.
System memory in use after: 45.7 MB.

Unloading 31 unused Assets to reduce memory usage. Loaded Objects now: 1975.
Total: 2.481100 ms (FindLiveObjects: 0.255100 ms CreateObjectMapping: 0.035400 ms MarkObjects: 2.094600 ms  DeleteObjects: 0.094200 ms)

========================================================================
Received Import Request.
  Time since last request: 350.518630 seconds.
  path: Assets/AHProxy/PlanetShader/DemoScene/Materials/Planets/Earth.mat
  artifactKey: Guid(2428d1f34e850404d929653306f2a06d) Importer(815301076,1909f56bfc062723c751e8b465ee728b)
Start importing Assets/AHProxy/PlanetShader/DemoScene/Materials/Planets/Earth.mat using Guid(2428d1f34e850404d929653306f2a06d) Importer(815301076,1909f56bfc062723c751e8b465ee728b)  -> (artifact id: '177a6beb1e48288425b15d6a62ffe855') in 0.034965 seconds
  Import took 0.037316 seconds .

========================================================================
Received Import Request.
  Time since last request: 0.000241 seconds.
  path: Assets/AHProxy/PlanetShader/DemoScene/Materials/Planets/Jupiter.mat
  artifactKey: Guid(fa63b5bd7e0fa0b45a08bf74ac4205a7) Importer(815301076,1909f56bfc062723c751e8b465ee728b)
Start importing Assets/AHProxy/PlanetShader/DemoScene/Materials/Planets/Jupiter.mat using Guid(fa63b5bd7e0fa0b45a08bf74ac4205a7) Importer(815301076,1909f56bfc062723c751e8b465ee728b)  -> (artifact id: 'a5f1e4528f65c1b62427f1d896bfa00d') in 0.013253 seconds
  Import took 0.015583 seconds .

========================================================================
Received Import Request.
  Time since last request: 0.000216 seconds.
  path: Assets/AHProxy/PlanetShader/DemoScene/Materials/Planets/Mercury.mat
  artifactKey: Guid(1aef184d850d8eb45b07d60d6f1436be) Importer(815301076,1909f56bfc062723c751e8b465ee728b)
Start importing Assets/AHProxy/PlanetShader/DemoScene/Materials/Planets/Mercury.mat using Guid(1aef184d850d8eb45b07d60d6f1436be) Importer(815301076,1909f56bfc062723c751e8b465ee728b)  -> (artifact id: '7c05be768b79e227d90378fb93f04981') in 0.015910 seconds
  Import took 0.017961 seconds .

========================================================================
Received Import Request.
  Time since last request: 0.000209 seconds.
  path: Assets/AHProxy/PlanetShader/DemoScene/Materials/Planets/Saturn.mat
  artifactKey: Guid(c4bf587b0c70d834d923ddf3b2cf9166) Importer(815301076,1909f56bfc062723c751e8b465ee728b)
Start importing Assets/AHProxy/PlanetShader/DemoScene/Materials/Planets/Saturn.mat using Guid(c4bf587b0c70d834d923ddf3b2cf9166) Importer(815301076,1909f56bfc062723c751e8b465ee728b)  -> (artifact id: 'f2ff312c72337974ceaa2db3d657d78a') in 0.014247 seconds
  Import took 0.016540 seconds .

========================================================================
Received Import Request.
  Time since last request: 0.000226 seconds.
  path: Assets/AHProxy/PlanetShader/DemoScene/Materials/Planets/Neptune.mat
  artifactKey: Guid(d95a85eabd31ab04f8e34af14f464c3f) Importer(815301076,1909f56bfc062723c751e8b465ee728b)
Start importing Assets/AHProxy/PlanetShader/DemoScene/Materials/Planets/Neptune.mat using Guid(d95a85eabd31ab04f8e34af14f464c3f) Importer(815301076,1909f56bfc062723c751e8b465ee728b)  -> (artifact id: 'd594d80e008cd34d12ebcaad5121a197') in 0.014463 seconds
  Import took 0.016903 seconds .

========================================================================
Received Import Request.
  Time since last request: 0.000244 seconds.
  path: Assets/AHProxy/PlanetShader/DemoScene/Materials/Planets/Venus.mat
  artifactKey: Guid(85240e987ebf72d4987eb4cced5fa8b4) Importer(815301076,1909f56bfc062723c751e8b465ee728b)
Start importing Assets/AHProxy/PlanetShader/DemoScene/Materials/Planets/Venus.mat using Guid(85240e987ebf72d4987eb4cced5fa8b4) Importer(815301076,1909f56bfc062723c751e8b465ee728b)  -> (artifact id: '270718697e92313b6d5fbf2ea53886c3') in 0.016420 seconds
  Import took 0.018885 seconds .

========================================================================
Received Import Request.
  Time since last request: 0.000212 seconds.
  path: Assets/AHProxy/PlanetShader/DemoScene/Materials/Planets/SaturnRings.mat
  artifactKey: Guid(ae297437e4c552243a4df714ab2bf508) Importer(815301076,1909f56bfc062723c751e8b465ee728b)
Start importing Assets/AHProxy/PlanetShader/DemoScene/Materials/Planets/SaturnRings.mat using Guid(ae297437e4c552243a4df714ab2bf508) Importer(815301076,1909f56bfc062723c751e8b465ee728b)  -> (artifact id: '84565cc5fa50ff2c5d3bd801fd143eb9') in 0.013161 seconds
  Import took 0.015239 seconds .

========================================================================
Received Import Request.
  Time since last request: 0.000196 seconds.
  path: Assets/AHProxy/PlanetShader/DemoScene/Materials/Planets/Mars.mat
  artifactKey: Guid(ebed62f90944246459c0d42563d11485) Importer(815301076,1909f56bfc062723c751e8b465ee728b)
Start importing Assets/AHProxy/PlanetShader/DemoScene/Materials/Planets/Mars.mat using Guid(ebed62f90944246459c0d42563d11485) Importer(815301076,1909f56bfc062723c751e8b465ee728b)  -> (artifact id: 'd15c746f6dfc4d361cbdde1369c75160') in 0.013895 seconds
  Import took 0.016104 seconds .

========================================================================
Received Import Request.
  Time since last request: 0.000230 seconds.
  path: Assets/AHProxy/PlanetShader/DemoScene/Materials/Planets/Uranus.mat
  artifactKey: Guid(b34ef3aee77b3c849a5515a124bfa8e8) Importer(815301076,1909f56bfc062723c751e8b465ee728b)
Start importing Assets/AHProxy/PlanetShader/DemoScene/Materials/Planets/Uranus.mat using Guid(b34ef3aee77b3c849a5515a124bfa8e8) Importer(815301076,1909f56bfc062723c751e8b465ee728b)  -> (artifact id: '4549e0e42d6513ae240aa1ce6fa63bef') in 0.011797 seconds
  Import took 0.013886 seconds .

========================================================================
Received Import Request.
  Time since last request: 0.111597 seconds.
  path: Assets/AHProxy/PlanetShader/DemoScene/Materials/Planets/Earth.mat
  artifactKey: Guid(2428d1f34e850404d929653306f2a06d) Importer(815301076,1909f56bfc062723c751e8b465ee728b)
Start importing Assets/AHProxy/PlanetShader/DemoScene/Materials/Planets/Earth.mat using Guid(2428d1f34e850404d929653306f2a06d) Importer(815301076,1909f56bfc062723c751e8b465ee728b)  -> (artifact id: '177a6beb1e48288425b15d6a62ffe855') in 0.019801 seconds
  Import took 0.022272 seconds .

========================================================================
Received Import Request.
  Time since last request: 902.146683 seconds.
  path: Assets/AHProxy/PlanetShader/DemoScene/Textures/Neptune/2k_neptune.png
  artifactKey: Guid(f5e49d81e37831042b1830c7ea4443f1) Importer(815301076,1909f56bfc062723c751e8b465ee728b)
Start importing Assets/AHProxy/PlanetShader/DemoScene/Textures/Neptune/2k_neptune.png using Guid(f5e49d81e37831042b1830c7ea4443f1) Importer(815301076,1909f56bfc062723c751e8b465ee728b)  -> (artifact id: 'f48cf82eb02d2d27f0759247c773c75c') in 0.048794 seconds
  Import took 0.051722 seconds .

========================================================================
Received Import Request.
  Time since last request: 0.000210 seconds.
  path: Assets/AHProxy/PlanetShader/DemoScene/Standard Assets/Effects/ImageEffects/Textures/ContrastEnhanced3D16.png
  artifactKey: Guid(ecd9a2c463dcb476891e43d7c9f16ffa) Importer(815301076,1909f56bfc062723c751e8b465ee728b)
Start importing Assets/AHProxy/PlanetShader/DemoScene/Standard Assets/Effects/ImageEffects/Textures/ContrastEnhanced3D16.png using Guid(ecd9a2c463dcb476891e43d7c9f16ffa) Importer(815301076,1909f56bfc062723c751e8b465ee728b)  -> (artifact id: 'fc94b85753c4f4b2fd3f67b614464dc6') in 0.015908 seconds
  Import took 0.018409 seconds .

========================================================================
Received Import Request.
  Time since last request: 0.000230 seconds.
  path: Assets/AHProxy/PlanetShader/DemoScene/Textures/Mars/4k_mars.png
  artifactKey: Guid(f5a5135fd2ea45648aaca7d609f39789) Importer(815301076,1909f56bfc062723c751e8b465ee728b)
Start importing Assets/AHProxy/PlanetShader/DemoScene/Textures/Mars/4k_mars.png using Guid(f5a5135fd2ea45648aaca7d609f39789) Importer(815301076,1909f56bfc062723c751e8b465ee728b)  -> (artifact id: 'b6c6195b13a17c9d3d8217a9b52037be') in 0.013071 seconds
  Import took 0.015449 seconds .

========================================================================
Received Import Request.
  Time since last request: 0.000229 seconds.
  path: Assets/AHProxy/PlanetShader/DemoScene/Standard Assets/Effects/ImageEffects/Textures/color correction ramp.png
  artifactKey: Guid(d440902fad11e807d00044888d76c639) Importer(815301076,1909f56bfc062723c751e8b465ee728b)
Start importing Assets/AHProxy/PlanetShader/DemoScene/Standard Assets/Effects/ImageEffects/Textures/color correction ramp.png using Guid(d440902fad11e807d00044888d76c639) Importer(815301076,1909f56bfc062723c751e8b465ee728b)  -> (artifact id: '46dc4efd6889ccc5ee79c4a9b77eb3f7') in 0.014137 seconds
  Import took 0.016474 seconds .

========================================================================
Received Import Request.
  Time since last request: 0.000241 seconds.
  path: Assets/AHProxy/PlanetShader/DemoScene/Textures/Mercury/4k_mercury_heightmap.png
  artifactKey: Guid(9e2905be4821def428ac0ae46ecb27e5) Importer(815301076,1909f56bfc062723c751e8b465ee728b)
Start importing Assets/AHProxy/PlanetShader/DemoScene/Textures/Mercury/4k_mercury_heightmap.png using Guid(9e2905be4821def428ac0ae46ecb27e5) Importer(815301076,1909f56bfc062723c751e8b465ee728b)  -> (artifact id: '0d35803eae3fe798b388c04e51961cf7') in 0.014087 seconds
  Import took 0.016583 seconds .

========================================================================
Received Import Request.
  Time since last request: 0.000235 seconds.
  path: Assets/AHProxy/PlanetShader/DemoScene/Textures/Saturn/4k_saturn.png
  artifactKey: Guid(2ca41e2dca21e284680c2340d8213ce7) Importer(815301076,1909f56bfc062723c751e8b465ee728b)
Start importing Assets/AHProxy/PlanetShader/DemoScene/Textures/Saturn/4k_saturn.png using Guid(2ca41e2dca21e284680c2340d8213ce7) Importer(815301076,1909f56bfc062723c751e8b465ee728b)  -> (artifact id: '0fd4e6bb2a579d6da18975688449bc21') in 0.012260 seconds
  Import took 0.014373 seconds .

========================================================================
Received Import Request.
  Time since last request: 0.000346 seconds.
  path: Assets/AHProxy/PlanetShader/DemoScene/Standard Assets/Effects/AntiAliasing/SMAA/Resources/AreaTex.tga
  artifactKey: Guid(e62aa7035ea66c94b90b2d8774d02cca) Importer(815301076,1909f56bfc062723c751e8b465ee728b)
Start importing Assets/AHProxy/PlanetShader/DemoScene/Standard Assets/Effects/AntiAliasing/SMAA/Resources/AreaTex.tga using Guid(e62aa7035ea66c94b90b2d8774d02cca) Importer(815301076,1909f56bfc062723c751e8b465ee728b)  -> (artifact id: '3a56d10efa3ee76c4545a33462fe3dd5') in 0.016288 seconds
  Import took 0.019114 seconds .

========================================================================
Received Import Request.
  Time since last request: 0.000230 seconds.
  path: Assets/AHProxy/PlanetShader/DemoScene/Textures/Saturn/2k_saturn_ring_alpha.png
  artifactKey: Guid(15ed8f382b5a3d442a0e42d26aaefa5a) Importer(815301076,1909f56bfc062723c751e8b465ee728b)
Start importing Assets/AHProxy/PlanetShader/DemoScene/Textures/Saturn/2k_saturn_ring_alpha.png using Guid(15ed8f382b5a3d442a0e42d26aaefa5a) Importer(815301076,1909f56bfc062723c751e8b465ee728b)  -> (artifact id: '5425a75f6ffb1e47866e31f0fdfbedc0') in 0.011069 seconds
  Import took 0.013791 seconds .

========================================================================
Received Import Request.
  Time since last request: 0.000223 seconds.
  path: Assets/AHProxy/PlanetShader/DemoScene/Textures/Mars/4k_mars_normalmap.png
  artifactKey: Guid(848de9c1671565a4e8536be1e15eedee) Importer(815301076,1909f56bfc062723c751e8b465ee728b)
Start importing Assets/AHProxy/PlanetShader/DemoScene/Textures/Mars/4k_mars_normalmap.png using Guid(848de9c1671565a4e8536be1e15eedee) Importer(815301076,1909f56bfc062723c751e8b465ee728b)  -> (artifact id: 'eef5a838e331e1318f637cde1503565b') in 0.010383 seconds
  Import took 0.012622 seconds .

========================================================================
Received Import Request.
  Time since last request: 0.000219 seconds.
  path: Assets/AHProxy/PlanetShader/DemoScene/Textures/Venus/4k_venus_surface.png
  artifactKey: Guid(534f00d9507e12749b0fb9593307f973) Importer(815301076,1909f56bfc062723c751e8b465ee728b)
Start importing Assets/AHProxy/PlanetShader/DemoScene/Textures/Venus/4k_venus_surface.png using Guid(534f00d9507e12749b0fb9593307f973) Importer(815301076,1909f56bfc062723c751e8b465ee728b)  -> (artifact id: 'c92ba49e7baac29860038c63f61408cb') in 0.011584 seconds
  Import took 0.013695 seconds .

========================================================================
Received Import Request.
  Time since last request: 0.000224 seconds.
  path: Assets/AHProxy/PlanetShader/DemoScene/Textures/Skybox/DemoSceneSkybox_down.png
  artifactKey: Guid(109b1844be503e74199ebbb73037d0a1) Importer(815301076,1909f56bfc062723c751e8b465ee728b)
Start importing Assets/AHProxy/PlanetShader/DemoScene/Textures/Skybox/DemoSceneSkybox_down.png using Guid(109b1844be503e74199ebbb73037d0a1) Importer(815301076,1909f56bfc062723c751e8b465ee728b)  -> (artifact id: '694dd1c09da761ee057d7bca4517ea67') in 0.017938 seconds
  Import took 0.020217 seconds .

========================================================================
Received Import Request.
  Time since last request: 0.000223 seconds.
  path: Assets/AHProxy/PlanetShader/DemoScene/Textures/Mars/4k_mars_heightmap.png
  artifactKey: Guid(33302a754f53c5b48978e718d0d8e824) Importer(815301076,1909f56bfc062723c751e8b465ee728b)
Start importing Assets/AHProxy/PlanetShader/DemoScene/Textures/Mars/4k_mars_heightmap.png using Guid(33302a754f53c5b48978e718d0d8e824) Importer(815301076,1909f56bfc062723c751e8b465ee728b)  -> (artifact id: 'abfa6f61d3500b1deb7ba401aaa7dda2') in 0.010846 seconds
  Import took 0.013208 seconds .

========================================================================
Received Import Request.
  Time since last request: 0.000213 seconds.
  path: Assets/AHProxy/PlanetShader/DemoScene/Textures/Venus/4k_venus_atmosphere.png
  artifactKey: Guid(e8db153baaacf3c4fb9f8873a4081651) Importer(815301076,1909f56bfc062723c751e8b465ee728b)
Start importing Assets/AHProxy/PlanetShader/DemoScene/Textures/Venus/4k_venus_atmosphere.png using Guid(e8db153baaacf3c4fb9f8873a4081651) Importer(815301076,1909f56bfc062723c751e8b465ee728b)  -> (artifact id: '5490c5e8e8fdfdbce7b57b44a324d115') in 0.011300 seconds
  Import took 0.013305 seconds .

========================================================================
Received Import Request.
  Time since last request: 0.000191 seconds.
  path: Assets/AHProxy/PlanetShader/DemoScene/Textures/Jupiter/4k_jupiter.png
  artifactKey: Guid(b86dc313469963f4aa75de4015cb511f) Importer(815301076,1909f56bfc062723c751e8b465ee728b)
Start importing Assets/AHProxy/PlanetShader/DemoScene/Textures/Jupiter/4k_jupiter.png using Guid(b86dc313469963f4aa75de4015cb511f) Importer(815301076,1909f56bfc062723c751e8b465ee728b)  -> (artifact id: 'ca9a7e860b03607cae78faac4b15375c') in 0.012524 seconds
  Import took 0.014593 seconds .

========================================================================
Received Import Request.
  Time since last request: 0.000180 seconds.
  path: Assets/AHProxy/PlanetShader/DemoScene/Textures/Mercury/4k_mercury_normalmap.png
  artifactKey: Guid(ffea62e73a92e234d9280a32e736db04) Importer(815301076,1909f56bfc062723c751e8b465ee728b)
Start importing Assets/AHProxy/PlanetShader/DemoScene/Textures/Mercury/4k_mercury_normalmap.png using Guid(ffea62e73a92e234d9280a32e736db04) Importer(815301076,1909f56bfc062723c751e8b465ee728b)  -> (artifact id: '8f243b0f86ccaa14408a0db822f5ad71') in 0.008785 seconds
  Import took 0.011565 seconds .

========================================================================
Received Import Request.
  Time since last request: 0.000231 seconds.
  path: Assets/AHProxy/PlanetShader/DemoScene/Textures/Mercury/4k_mercury.png
  artifactKey: Guid(60276f11285826849a00a990c54368ed) Importer(815301076,1909f56bfc062723c751e8b465ee728b)
Start importing Assets/AHProxy/PlanetShader/DemoScene/Textures/Mercury/4k_mercury.png using Guid(60276f11285826849a00a990c54368ed) Importer(815301076,1909f56bfc062723c751e8b465ee728b)  -> (artifact id: '864288631e70d5c2ffceedb7796531a3') in 0.012523 seconds
  Import took 0.015085 seconds .

========================================================================
Received Import Request.
  Time since last request: 0.000244 seconds.
  path: Assets/AHProxy/PlanetShader/DemoScene/Textures/Skybox/DemoSceneSkybox_back.png
  artifactKey: Guid(e6b8e5a0c91d095448c7e26d3d84cf00) Importer(815301076,1909f56bfc062723c751e8b465ee728b)
Start importing Assets/AHProxy/PlanetShader/DemoScene/Textures/Skybox/DemoSceneSkybox_back.png using Guid(e6b8e5a0c91d095448c7e26d3d84cf00) Importer(815301076,1909f56bfc062723c751e8b465ee728b)  -> (artifact id: 'd81198377759b727b805df5743f160bd') in 0.018133 seconds
  Import took 0.020752 seconds .

========================================================================
Received Import Request.
  Time since last request: 0.000260 seconds.
  path: Assets/AHProxy/PlanetShader/DemoScene/Textures/Uranus/2k_uranus.png
  artifactKey: Guid(46ee122979e0b634b9765be1b62cfcb2) Importer(815301076,1909f56bfc062723c751e8b465ee728b)
Start importing Assets/AHProxy/PlanetShader/DemoScene/Textures/Uranus/2k_uranus.png using Guid(46ee122979e0b634b9765be1b62cfcb2) Importer(815301076,1909f56bfc062723c751e8b465ee728b)  -> (artifact id: 'c7176d04a5d24e3158511b2d08ca6ac9') in 0.009185 seconds
  Import took 0.011888 seconds .

========================================================================
Received Import Request.
  Time since last request: 2.254702 seconds.
  path: Assets/AHProxy/PlanetShader/DemoScene/Textures/Skybox/DemoSceneSkybox_front.png
  artifactKey: Guid(ba65c1da5ab35934aa98af3fc494252c) Importer(815301076,1909f56bfc062723c751e8b465ee728b)
Start importing Assets/AHProxy/PlanetShader/DemoScene/Textures/Skybox/DemoSceneSkybox_front.png using Guid(ba65c1da5ab35934aa98af3fc494252c) Importer(815301076,1909f56bfc062723c751e8b465ee728b)  -> (artifact id: 'b8fa9f789c0a54b222ffd7d78c981f97') in 0.020966 seconds
  Import took 0.023291 seconds .

========================================================================
Received Import Request.
  Time since last request: 0.000209 seconds.
  path: Assets/AHProxy/PlanetShader/DemoScene/Textures/Skybox/DemoSceneSkybox_up.png
  artifactKey: Guid(9d407d9fcb7308640ac7e7b7f41a9c37) Importer(815301076,1909f56bfc062723c751e8b465ee728b)
Start importing Assets/AHProxy/PlanetShader/DemoScene/Textures/Skybox/DemoSceneSkybox_up.png using Guid(9d407d9fcb7308640ac7e7b7f41a9c37) Importer(815301076,1909f56bfc062723c751e8b465ee728b)  -> (artifact id: '7f78cbbb1072a4b6267672fdb2f7b151') in 0.018875 seconds
  Import took 0.020885 seconds .

========================================================================
Received Import Request.
  Time since last request: 0.000298 seconds.
  path: Assets/AHProxy/PlanetShader/DemoScene/Textures/Skybox/DemoSceneSkybox_right.png
  artifactKey: Guid(e2b163664e0e2104db8eb10718fd973d) Importer(815301076,1909f56bfc062723c751e8b465ee728b)
Start importing Assets/AHProxy/PlanetShader/DemoScene/Textures/Skybox/DemoSceneSkybox_right.png using Guid(e2b163664e0e2104db8eb10718fd973d) Importer(815301076,1909f56bfc062723c751e8b465ee728b)  -> (artifact id: '6574ef077093f4f840d48c4efd6d4384') in 0.016857 seconds
  Import took 0.019586 seconds .

========================================================================
Received Import Request.
  Time since last request: 0.000267 seconds.
  path: Assets/AHProxy/PlanetShader/DemoScene/Textures/Skybox/DemoSceneSkybox_left.png
  artifactKey: Guid(e7c8040973efbea41a811483481ec773) Importer(815301076,1909f56bfc062723c751e8b465ee728b)
Start importing Assets/AHProxy/PlanetShader/DemoScene/Textures/Skybox/DemoSceneSkybox_left.png using Guid(e7c8040973efbea41a811483481ec773) Importer(815301076,1909f56bfc062723c751e8b465ee728b)  -> (artifact id: 'db6cba28c5281f2c71ac623be9d87a86') in 0.016875 seconds
  Import took 0.018957 seconds .

========================================================================
Received Import Request.
  Time since last request: 0.467733 seconds.
  path: Assets/AHProxy/PlanetShader/DemoScene/Standard Assets/Effects/ImageEffects/Textures/grayscale ramp.png
  artifactKey: Guid(e9a9781cad112c75d0008dfa8d76c639) Importer(815301076,1909f56bfc062723c751e8b465ee728b)
Start importing Assets/AHProxy/PlanetShader/DemoScene/Standard Assets/Effects/ImageEffects/Textures/grayscale ramp.png using Guid(e9a9781cad112c75d0008dfa8d76c639) Importer(815301076,1909f56bfc062723c751e8b465ee728b)  -> (artifact id: '59a14d05bcc65345d6dd3aba92de3cfc') in 0.018737 seconds
  Import took 0.021065 seconds .

========================================================================
Received Import Request.
  Time since last request: 0.000206 seconds.
  path: Assets/AHProxy/PlanetShader/DemoScene/Standard Assets/Effects/ImageEffects/Textures/HexShape.psd
  artifactKey: Guid(a4cdca73d61814d33ac1587f6c163bca) Importer(815301076,1909f56bfc062723c751e8b465ee728b)
Start importing Assets/AHProxy/PlanetShader/DemoScene/Standard Assets/Effects/ImageEffects/Textures/HexShape.psd using Guid(a4cdca73d61814d33ac1587f6c163bca) Importer(815301076,1909f56bfc062723c751e8b465ee728b)  -> (artifact id: '7c9310b5e6ad76cd120f7980aa9cfabb') in 0.015797 seconds
  Import took 0.018175 seconds .

========================================================================
Received Import Request.
  Time since last request: 0.000223 seconds.
  path: Assets/AHProxy/PlanetShader/DemoScene/Standard Assets/Effects/ImageEffects/Textures/Neutral3D16.png
  artifactKey: Guid(a4b474cd484494a4aaa4bbf928219d09) Importer(815301076,1909f56bfc062723c751e8b465ee728b)
Start importing Assets/AHProxy/PlanetShader/DemoScene/Standard Assets/Effects/ImageEffects/Textures/Neutral3D16.png using Guid(a4b474cd484494a4aaa4bbf928219d09) Importer(815301076,1909f56bfc062723c751e8b465ee728b)  -> (artifact id: '89011902fd8226296eddf7b019f64597') in 0.014446 seconds
  Import took 0.016730 seconds .

========================================================================
Received Import Request.
  Time since last request: 0.000190 seconds.
  path: Assets/AHProxy/PlanetShader/DemoScene/Standard Assets/Effects/ImageEffects/Textures/Noise.png
  artifactKey: Guid(e80c3c84ea861404d8a427db8b7abf04) Importer(815301076,1909f56bfc062723c751e8b465ee728b)
Start importing Assets/AHProxy/PlanetShader/DemoScene/Standard Assets/Effects/ImageEffects/Textures/Noise.png using Guid(e80c3c84ea861404d8a427db8b7abf04) Importer(815301076,1909f56bfc062723c751e8b465ee728b)  -> (artifact id: '074abcbbfe8c6a62c073cde60d171244') in 0.014645 seconds
  Import took 0.016843 seconds .

========================================================================
Received Import Request.
  Time since last request: 0.000207 seconds.
  path: Assets/AHProxy/PlanetShader/DemoScene/Standard Assets/Effects/ImageEffects/Textures/NoiseEffectScratch.png
  artifactKey: Guid(6205c27cc031f4e66b8ea90d1bfaa158) Importer(815301076,1909f56bfc062723c751e8b465ee728b)
Start importing Assets/AHProxy/PlanetShader/DemoScene/Standard Assets/Effects/ImageEffects/Textures/NoiseEffectScratch.png using Guid(6205c27cc031f4e66b8ea90d1bfaa158) Importer(815301076,1909f56bfc062723c751e8b465ee728b)  -> (artifact id: '3f376225aa4eacdd4ded399206a022df') in 0.015848 seconds
  Import took 0.018093 seconds .

========================================================================
Received Import Request.
  Time since last request: 0.000200 seconds.
  path: Assets/AHProxy/PlanetShader/DemoScene/Standard Assets/Effects/ImageEffects/Textures/NoiseEffectGrain.png
  artifactKey: Guid(ffa9c02760c2b4e8eb9814ec06c4b05b) Importer(815301076,1909f56bfc062723c751e8b465ee728b)
Start importing Assets/AHProxy/PlanetShader/DemoScene/Standard Assets/Effects/ImageEffects/Textures/NoiseEffectGrain.png using Guid(ffa9c02760c2b4e8eb9814ec06c4b05b) Importer(815301076,1909f56bfc062723c751e8b465ee728b)  -> (artifact id: 'e65c9c6e2fde76c9a74be95a13457904') in 0.015227 seconds
  Import took 0.017402 seconds .

========================================================================
Received Import Request.
  Time since last request: 0.000274 seconds.
  path: Assets/AHProxy/PlanetShader/DemoScene/Standard Assets/Effects/ImageEffects/Textures/RandomVectors.png
  artifactKey: Guid(a181ca8e3c62f3e4b8f183f6c586b032) Importer(815301076,1909f56bfc062723c751e8b465ee728b)
Start importing Assets/AHProxy/PlanetShader/DemoScene/Standard Assets/Effects/ImageEffects/Textures/RandomVectors.png using Guid(a181ca8e3c62f3e4b8f183f6c586b032) Importer(815301076,1909f56bfc062723c751e8b465ee728b)  -> (artifact id: '930fc6dc2d643396c96fcd24979922f3') in 0.014348 seconds
  Import took 0.017051 seconds .

========================================================================
Received Import Request.
  Time since last request: 0.000336 seconds.
  path: Assets/AHProxy/PlanetShader/DemoScene/Standard Assets/Effects/AntiAliasing/SMAA/Resources/SearchTex.tga
  artifactKey: Guid(387ed7c38eb63554db846987adb98e68) Importer(815301076,1909f56bfc062723c751e8b465ee728b)
Start importing Assets/AHProxy/PlanetShader/DemoScene/Standard Assets/Effects/AntiAliasing/SMAA/Resources/SearchTex.tga using Guid(387ed7c38eb63554db846987adb98e68) Importer(815301076,1909f56bfc062723c751e8b465ee728b)  -> (artifact id: '05a56dae40b08dfe6430eb0ff56ae9d2') in 0.012467 seconds
  Import took 0.014683 seconds .

========================================================================
Received Import Request.
  Time since last request: 0.000199 seconds.
  path: Assets/AHProxy/PlanetShader/DemoScene/Standard Assets/Effects/ImageEffects/Textures/MotionBlurJitter.png
  artifactKey: Guid(31f5a8611c4ed1245b18456206e798dc) Importer(815301076,1909f56bfc062723c751e8b465ee728b)
Start importing Assets/AHProxy/PlanetShader/DemoScene/Standard Assets/Effects/ImageEffects/Textures/MotionBlurJitter.png using Guid(31f5a8611c4ed1245b18456206e798dc) Importer(815301076,1909f56bfc062723c751e8b465ee728b)  -> (artifact id: '32d15684240d605765d518a5d710ee84') in 0.014290 seconds
  Import took 0.016577 seconds .

========================================================================
Received Import Request.
  Time since last request: 0.000312 seconds.
  path: Assets/AHProxy/PlanetShader/DemoScene/Standard Assets/Effects/ImageEffects/Textures/NoiseAndGrain.png
  artifactKey: Guid(7a632f967e8ad42f5bd275898151ab6a) Importer(815301076,1909f56bfc062723c751e8b465ee728b)
Start importing Assets/AHProxy/PlanetShader/DemoScene/Standard Assets/Effects/ImageEffects/Textures/NoiseAndGrain.png using Guid(7a632f967e8ad42f5bd275898151ab6a) Importer(815301076,1909f56bfc062723c751e8b465ee728b)  -> (artifact id: '0d07e88c49c5185e9229f181ac4d4e0d') in 0.014764 seconds
  Import took 0.018134 seconds .

========================================================================
Received Import Request.
  Time since last request: 55443.051108 seconds.
  path: Assets/AHProxy/PlanetShader/DemoScene/Standard Assets/Effects/ImageEffects/Textures/SphereShape.psd
  artifactKey: Guid(fc00ec05a89da4ff695a4273715cd5ce) Importer(815301076,1909f56bfc062723c751e8b465ee728b)
Start importing Assets/AHProxy/PlanetShader/DemoScene/Standard Assets/Effects/ImageEffects/Textures/SphereShape.psd using Guid(fc00ec05a89da4ff695a4273715cd5ce) Importer(815301076,1909f56bfc062723c751e8b465ee728b)  -> (artifact id: '7518c06fb38f0cc9c800f15a302b01da') in 0.034272 seconds
  Import took 0.036817 seconds .

========================================================================
Received Import Request.
  Time since last request: 0.000241 seconds.
  path: Assets/AHProxy/PlanetShader/DemoScene/Standard Assets/Effects/ImageEffects/Textures/VignetteMask.png
  artifactKey: Guid(95ef4804fe0be4c999ddaa383536cde8) Importer(815301076,1909f56bfc062723c751e8b465ee728b)
Start importing Assets/AHProxy/PlanetShader/DemoScene/Standard Assets/Effects/ImageEffects/Textures/VignetteMask.png using Guid(95ef4804fe0be4c999ddaa383536cde8) Importer(815301076,1909f56bfc062723c751e8b465ee728b)  -> (artifact id: '1f96090daf8e7eb7d1b832a0b72f300f') in 0.016400 seconds
  Import took 0.018533 seconds .

========================================================================
Received Prepare
Shader 'PointClouds/PointSplat': fallback shader 'PointClouds/PointSplatLegacy' not found
Refreshing native plugins compatible for Editor in 7.39 ms, found 2 plugins.
Preloading 1 native plugins for Editor in 0.07 ms.
Unloading 31 Unused Serialized files (Serialized files now loaded: 0)
System memory in use before: 46.0 MB.
System memory in use after: 46.1 MB.

Unloading 31 unused Assets to reduce memory usage. Loaded Objects now: 1985.
Total: 3.467900 ms (FindLiveObjects: 0.177200 ms CreateObjectMapping: 0.035500 ms MarkObjects: 3.176200 ms  DeleteObjects: 0.078200 ms)

========================================================================
Received Import Request.
  Time since last request: 61.029130 seconds.
  path: Assets/AHProxy/PlanetShader/DemoScene/Materials/Planets/Uranus.mat
  artifactKey: Guid(b34ef3aee77b3c849a5515a124bfa8e8) Importer(815301076,1909f56bfc062723c751e8b465ee728b)
Start importing Assets/AHProxy/PlanetShader/DemoScene/Materials/Planets/Uranus.mat using Guid(b34ef3aee77b3c849a5515a124bfa8e8) Importer(815301076,1909f56bfc062723c751e8b465ee728b)  -> (artifact id: '833fe216605665c25f0e9e12d8b108af') in 0.022750 seconds
  Import took 0.025176 seconds .

========================================================================
Received Import Request.
  Time since last request: 0.243011 seconds.
  path: Assets/AHProxy/PlanetShader/DemoScene/Materials/Planets/Uranus.mat
  artifactKey: Guid(b34ef3aee77b3c849a5515a124bfa8e8) Importer(815301076,1909f56bfc062723c751e8b465ee728b)
Start importing Assets/AHProxy/PlanetShader/DemoScene/Materials/Planets/Uranus.mat using Guid(b34ef3aee77b3c849a5515a124bfa8e8) Importer(815301076,1909f56bfc062723c751e8b465ee728b)  -> (artifact id: '833fe216605665c25f0e9e12d8b108af') in 0.015735 seconds
  Import took 0.018115 seconds .

========================================================================
Received Prepare
Shader 'PointClouds/PointSplat': fallback shader 'PointClouds/PointSplatLegacy' not found
Refreshing native plugins compatible for Editor in 6.76 ms, found 2 plugins.
Preloading 1 native plugins for Editor in 0.06 ms.
Unloading 31 Unused Serialized files (Serialized files now loaded: 0)
System memory in use before: 46.0 MB.
System memory in use after: 46.1 MB.

Unloading 31 unused Assets to reduce memory usage. Loaded Objects now: 1985.
Total: 2.361300 ms (FindLiveObjects: 0.173200 ms CreateObjectMapping: 0.034700 ms MarkObjects: 2.076300 ms  DeleteObjects: 0.076200 ms)

========================================================================
Received Import Request.
  Time since last request: 317.539820 seconds.
  path: Assets/AHProxy/PlanetShader/DemoScene/Materials/Planets/Uranus.mat
  artifactKey: Guid(b34ef3aee77b3c849a5515a124bfa8e8) Importer(815301076,1909f56bfc062723c751e8b465ee728b)
Start importing Assets/AHProxy/PlanetShader/DemoScene/Materials/Planets/Uranus.mat using Guid(b34ef3aee77b3c849a5515a124bfa8e8) Importer(815301076,1909f56bfc062723c751e8b465ee728b)  -> (artifact id: 'fefecec1a0b09a73de268df236a90ea3') in 0.019800 seconds
  Import took 0.022219 seconds .

========================================================================
Received Import Request.
  Time since last request: 0.235368 seconds.
  path: Assets/AHProxy/PlanetShader/DemoScene/Materials/Planets/Uranus.mat
  artifactKey: Guid(b34ef3aee77b3c849a5515a124bfa8e8) Importer(815301076,1909f56bfc062723c751e8b465ee728b)
Start importing Assets/AHProxy/PlanetShader/DemoScene/Materials/Planets/Uranus.mat using Guid(b34ef3aee77b3c849a5515a124bfa8e8) Importer(815301076,1909f56bfc062723c751e8b465ee728b)  -> (artifact id: 'fefecec1a0b09a73de268df236a90ea3') in 0.012430 seconds
  Import took 0.014893 seconds .

========================================================================
Received Prepare
Shader 'PointClouds/PointSplat': fallback shader 'PointClouds/PointSplatLegacy' not found
Refreshing native plugins compatible for Editor in 7.69 ms, found 2 plugins.
Preloading 1 native plugins for Editor in 0.06 ms.
Unloading 31 Unused Serialized files (Serialized files now loaded: 0)
System memory in use before: 46.3 MB.
System memory in use after: 46.4 MB.

Unloading 31 unused Assets to reduce memory usage. Loaded Objects now: 1986.
Total: 2.730200 ms (FindLiveObjects: 0.295300 ms CreateObjectMapping: 0.046800 ms MarkObjects: 2.288000 ms  DeleteObjects: 0.098800 ms)

========================================================================
Received Import Request.
  Time since last request: 453.809866 seconds.
  path: Assets/AHProxy/PlanetShader/DemoScene/Materials/Planets/Saturn.mat
  artifactKey: Guid(c4bf587b0c70d834d923ddf3b2cf9166) Importer(815301076,1909f56bfc062723c751e8b465ee728b)
Start importing Assets/AHProxy/PlanetShader/DemoScene/Materials/Planets/Saturn.mat using Guid(c4bf587b0c70d834d923ddf3b2cf9166) Importer(815301076,1909f56bfc062723c751e8b465ee728b)  -> (artifact id: '9c548eb7888bad3a63110a853c964582') in 0.017642 seconds
  Import took 0.020091 seconds .

========================================================================
Received Import Request.
  Time since last request: 0.000183 seconds.
  path: Assets/AHProxy/PlanetShader/DemoScene/Materials/Planets/SaturnRings.mat
  artifactKey: Guid(ae297437e4c552243a4df714ab2bf508) Importer(815301076,1909f56bfc062723c751e8b465ee728b)
Start importing Assets/AHProxy/PlanetShader/DemoScene/Materials/Planets/SaturnRings.mat using Guid(ae297437e4c552243a4df714ab2bf508) Importer(815301076,1909f56bfc062723c751e8b465ee728b)  -> (artifact id: 'ecdba433d959d7910666d1ac8a81e332') in 0.026650 seconds
  Import took 0.028723 seconds .

========================================================================
Received Import Request.
  Time since last request: 0.210735 seconds.
  path: Assets/AHProxy/PlanetShader/DemoScene/Materials/Planets/Saturn.mat
  artifactKey: Guid(c4bf587b0c70d834d923ddf3b2cf9166) Importer(815301076,1909f56bfc062723c751e8b465ee728b)
Start importing Assets/AHProxy/PlanetShader/DemoScene/Materials/Planets/Saturn.mat using Guid(c4bf587b0c70d834d923ddf3b2cf9166) Importer(815301076,1909f56bfc062723c751e8b465ee728b)  -> (artifact id: '9c548eb7888bad3a63110a853c964582') in 0.012821 seconds
  Import took 0.015311 seconds .

========================================================================
Received Prepare
Shader 'PointClouds/PointSplat': fallback shader 'PointClouds/PointSplatLegacy' not found
Refreshing native plugins compatible for Editor in 6.85 ms, found 2 plugins.
Preloading 1 native plugins for Editor in 0.07 ms.
Unloading 31 Unused Serialized files (Serialized files now loaded: 0)
System memory in use before: 46.4 MB.
System memory in use after: 46.5 MB.

Unloading 31 unused Assets to reduce memory usage. Loaded Objects now: 1987.
Total: 2.225900 ms (FindLiveObjects: 0.183400 ms CreateObjectMapping: 0.035800 ms MarkObjects: 1.929000 ms  DeleteObjects: 0.076800 ms)

========================================================================
Received Prepare
Shader 'PointClouds/PointSplat': fallback shader 'PointClouds/PointSplatLegacy' not found
Refreshing native plugins compatible for Editor in 6.60 ms, found 2 plugins.
Preloading 1 native plugins for Editor in 0.06 ms.
Unloading 31 Unused Serialized files (Serialized files now loaded: 0)
System memory in use before: 46.4 MB.
System memory in use after: 46.5 MB.

Unloading 31 unused Assets to reduce memory usage. Loaded Objects now: 1987.
Total: 2.439700 ms (FindLiveObjects: 0.204500 ms CreateObjectMapping: 0.036300 ms MarkObjects: 2.111900 ms  DeleteObjects: 0.085600 ms)

========================================================================
Received Import Request.
  Time since last request: 1274.624360 seconds.
  path: Assets/AHProxy/PlanetShader/DemoScene/Textures/Mars/4k_mars_heightmap.png
  artifactKey: Guid(33302a754f53c5b48978e718d0d8e824) Importer(815301076,1909f56bfc062723c751e8b465ee728b)
Start importing Assets/AHProxy/PlanetShader/DemoScene/Textures/Mars/4k_mars_heightmap.png using Guid(33302a754f53c5b48978e718d0d8e824) Importer(815301076,1909f56bfc062723c751e8b465ee728b)  -> (artifact id: '6db88605f000129d6a879e49f3431d1a') in 0.012097 seconds
  Import took 0.014613 seconds .

========================================================================
Received Import Request.
  Time since last request: 0.010612 seconds.
  path: Assets/AHProxy/PlanetShader/DemoScene/Textures/Mars/4k_mars_heightmap.png
  artifactKey: Guid(33302a754f53c5b48978e718d0d8e824) Importer(815301076,1909f56bfc062723c751e8b465ee728b)
Start importing Assets/AHProxy/PlanetShader/DemoScene/Textures/Mars/4k_mars_heightmap.png using Guid(33302a754f53c5b48978e718d0d8e824) Importer(815301076,1909f56bfc062723c751e8b465ee728b)  -> (artifact id: '6db88605f000129d6a879e49f3431d1a') in 0.005719 seconds
  Import took 0.008366 seconds .

========================================================================
Received Prepare
Shader 'PointClouds/PointSplat': fallback shader 'PointClouds/PointSplatLegacy' not found
Refreshing native plugins compatible for Editor in 6.68 ms, found 2 plugins.
Preloading 1 native plugins for Editor in 0.06 ms.
Unloading 31 Unused Serialized files (Serialized files now loaded: 0)
System memory in use before: 46.4 MB.
System memory in use after: 46.5 MB.

Unloading 31 unused Assets to reduce memory usage. Loaded Objects now: 1987.
Total: 13.815900 ms (FindLiveObjects: 0.532400 ms CreateObjectMapping: 0.053400 ms MarkObjects: 13.088100 ms  DeleteObjects: 0.140000 ms)

========================================================================
Received Prepare
Shader 'PointClouds/PointSplat': fallback shader 'PointClouds/PointSplatLegacy' not found
Refreshing native plugins compatible for Editor in 6.73 ms, found 2 plugins.
Preloading 1 native plugins for Editor in 0.06 ms.
Unloading 31 Unused Serialized files (Serialized files now loaded: 0)
System memory in use before: 46.4 MB.
System memory in use after: 46.5 MB.

Unloading 31 unused Assets to reduce memory usage. Loaded Objects now: 1987.
Total: 2.645200 ms (FindLiveObjects: 0.194500 ms CreateObjectMapping: 0.036300 ms MarkObjects: 2.308800 ms  DeleteObjects: 0.104400 ms)

========================================================================
Received Import Request.
  Time since last request: 5187.071845 seconds.
  path: Assets/LOWPOLY-Spaceship
  artifactKey: Guid(8d6440a2dcbf4354784741115b0dc4d3) Importer(815301076,1909f56bfc062723c751e8b465ee728b)
Start importing Assets/LOWPOLY-Spaceship using Guid(8d6440a2dcbf4354784741115b0dc4d3) Importer(815301076,1909f56bfc062723c751e8b465ee728b)  -> (artifact id: '5409b030334ff503d268eff4866926a7') in 0.009241 seconds
  Import took 0.028655 seconds .

========================================================================
Received Import Request.
  Time since last request: 13.930561 seconds.
  path: Assets/StreamingAssets
  artifactKey: Guid(fdc43563a3fd67847880a3fcc2bca162) Importer(815301076,1909f56bfc062723c751e8b465ee728b)
Start importing Assets/StreamingAssets using Guid(fdc43563a3fd67847880a3fcc2bca162) Importer(815301076,1909f56bfc062723c751e8b465ee728b)  -> (artifact id: 'a170a03c8b1d731fa187c2770c3a93d4') in 0.005970 seconds
  Import took 0.008871 seconds .

========================================================================
Received Import Request.
  Time since last request: 40.484264 seconds.
  path: Assets/rotation.cs
  artifactKey: Guid(66513548c1a8d9840ade754d7fb20f2b) Importer(815301076,1909f56bfc062723c751e8b465ee728b)
Start importing Assets/rotation.cs using Guid(66513548c1a8d9840ade754d7fb20f2b) Importer(815301076,1909f56bfc062723c751e8b465ee728b)  -> (artifact id: 'b9c2df82419904961f198e3a1735bf2b') in 0.011688 seconds
  Import took 0.014350 seconds .

========================================================================
Received Import Request.
  Time since last request: 22.843198 seconds.
  path: Assets/Scripts
  artifactKey: Guid(f3d4611c0d9f93e4c9a99055a6a0c360) Importer(815301076,1909f56bfc062723c751e8b465ee728b)
Start importing Assets/Scripts using Guid(f3d4611c0d9f93e4c9a99055a6a0c360) Importer(815301076,1909f56bfc062723c751e8b465ee728b)  -> (artifact id: '2368e2ddc5222228372f3877afa2de61') in 0.006617 seconds
  Import took 0.008939 seconds .

========================================================================
Received Prepare
Registering precompiled user dll's ...
Registered in 0.003631 seconds.
Begin MonoManager ReloadAssembly
Native extension for WindowsStandalone target not found
Refreshing native plugins compatible for Editor in 0.53 ms, found 2 plugins.
Preloading 1 native plugins for Editor in 0.07 ms.
System.NullReferenceException: Object reference not set to an instance of an object
  at Vuforia.EditorClasses.ExtensionTypeProvider.GetVuforiaPackageAbsPath () [0x0004a] in <d3e3611e09164266b01b2e2ee0bae4b4>:0 
  at Vuforia.EditorClasses.ExtensionTypeProvider.IsPackageManager () [0x00000] in <d3e3611e09164266b01b2e2ee0bae4b4>:0 
  at Vuforia.EditorClasses.ExtensionTypeProvider.ResolvePluginType () [0x00009] in <d3e3611e09164266b01b2e2ee0bae4b4>:0 
  at Vuforia.EditorClasses.ExtensionTypeProvider.GetPluginType () [0x0000c] in <d3e3611e09164266b01b2e2ee0bae4b4>:0 
  at Vuforia.EditorClasses.VuforiaUtilities.IsVuforiaEnabledInPlayerSettings () [0x00000] in <d3e3611e09164266b01b2e2ee0bae4b4>:0 
  at VuforiaEnabledObserver..cctor () [0x00000] in <d3e3611e09164266b01b2e2ee0bae4b4>:0 
UnityEngine.StackTraceUtility:ExtractStackTrace ()
UnityEngine.DebugLogHandler:LogFormat (UnityEngine.LogType,UnityEngine.Object,string,object[])
UnityEngine.Logger:Log (UnityEngine.LogType,object)
UnityEngine.Debug:LogError (object)
UnityEditor.EditorAssemblies:ProcessInitializeOnLoadAttributes (System.Type[])

System.NullReferenceException: Object reference not set to an instance of an object
  at Vuforia.EditorClasses.ExtensionTypeProvider.GetVuforiaPackageAbsPath () [0x0004a] in <d3e3611e09164266b01b2e2ee0bae4b4>:0 
  at Vuforia.EditorClasses.ExtensionTypeProvider.IsPackageManager () [0x00000] in <d3e3611e09164266b01b2e2ee0bae4b4>:0 
  at Vuforia.EditorClasses.ExtensionTypeProvider.ResolvePluginType () [0x00009] in <d3e3611e09164266b01b2e2ee0bae4b4>:0 
  at Vuforia.EditorClasses.ExtensionTypeProvider.GetPluginType () [0x0000c] in <d3e3611e09164266b01b2e2ee0bae4b4>:0 
  at Vuforia.EditorClasses.VuforiaUtilities.IsVuforiaEnabledInPlayerSettings () [0x00000] in <d3e3611e09164266b01b2e2ee0bae4b4>:0 
  at Vuforia.EditorClasses.InitializeOnLoadVuforiaTaskRunner..cctor () [0x00015] in <d3e3611e09164266b01b2e2ee0bae4b4>:0 
UnityEngine.StackTraceUtility:ExtractStackTrace ()
UnityEngine.DebugLogHandler:LogFormat (UnityEngine.LogType,UnityEngine.Object,string,object[])
UnityEngine.Logger:Log (UnityEngine.LogType,object)
UnityEngine.Debug:LogError (object)
UnityEditor.EditorAssemblies:ProcessInitializeOnLoadAttributes (System.Type[])

Mono: successfully reloaded assembly
- Completed reload, in  0.892 seconds
Platform modules already initialized, skipping
Switching build target platform(5) subTarget(0) extendedPlatform(0) -> platform(13) subTarget(537395200) extendedPlatform(0)
Shader 'PointClouds/PointSplat': fallback shader 'PointClouds/PointSplatLegacy' not found
Refreshing native plugins compatible for Editor in 0.46 ms, found 2 plugins.
Preloading 1 native plugins for Editor in 0.06 ms.
Unloading 1181 Unused Serialized files (Serialized files now loaded: 0)
System memory in use before: 68.0 MB.
System memory in use after: 68.1 MB.

Unloading 33 unused Assets to reduce memory usage. Loaded Objects now: 1990.
Total: 2.148100 ms (FindLiveObjects: 0.227900 ms CreateObjectMapping: 0.112500 ms MarkObjects: 1.727200 ms  DeleteObjects: 0.079400 ms)

AssetImportParameters requested are different than current active one (requested -> active):
  custom:graphics/normal-map-encoding: 01000000000000000000000000000000 -> 02000000000000000000000000000000
========================================================================
Received Import Request.
  Time since last request: 57.861138 seconds.
  path: Assets/Resources
  artifactKey: Guid(fa4ec399a80226c47ae8eef33f07f89f) Importer(815301076,1909f56bfc062723c751e8b465ee728b)
Start importing Assets/Resources using Guid(fa4ec399a80226c47ae8eef33f07f89f) Importer(815301076,1909f56bfc062723c751e8b465ee728b)  -> (artifact id: 'a597e3db506692ea262348e8f3bae827') in 0.007567 seconds
  Import took 0.009864 seconds .

========================================================================
Received Import Request.
  Time since last request: 5606.919885 seconds.
  path: Assets/Animations/jupiter.anim
  artifactKey: Guid(c64c1908d91bccf4eb87a4d94f1e8f65) Importer(815301076,1909f56bfc062723c751e8b465ee728b)
Start importing Assets/Animations/jupiter.anim using Guid(c64c1908d91bccf4eb87a4d94f1e8f65) Importer(815301076,1909f56bfc062723c751e8b465ee728b)  -> (artifact id: '75f3f1dfb2fa65d7df983cbbf8e2fa92') in 0.028694 seconds
  Import took 0.031836 seconds .

AssetImportWorkerClient::OnTransportError - code=2 error=End of file
